{"C:\\Users\\USer\\Desktop\\contacts-test-task\\src\\App.jsx": {"path":"C:\\Users\\USer\\Desktop\\contacts-test-task\\src\\App.jsx","statementMap":{"0":{"start":{"line":8,"column":12},"end":{"line":22,"column":1}},"1":{"start":{"line":9,"column":2},"end":{"line":21,"column":4}}},"fnMap":{"0":{"name":"(anonymous_0)","decl":{"start":{"line":8,"column":12},"end":{"line":8,"column":13}},"loc":{"start":{"line":8,"column":18},"end":{"line":22,"column":1}},"line":8}},"branchMap":{},"s":{"0":0,"1":0},"f":{"0":0},"b":{}}
,"C:\\Users\\USer\\Desktop\\contacts-test-task\\src\\GlobalStyle.js": {"path":"C:\\Users\\USer\\Desktop\\contacts-test-task\\src\\GlobalStyle.js","statementMap":{"0":{"start":{"line":3,"column":21},"end":{"line":11,"column":1}},"1":{"start":{"line":13,"column":27},"end":{"line":53,"column":1}},"2":{"start":{"line":17,"column":49},"end":{"line":17,"column":75}}},"fnMap":{"0":{"name":"(anonymous_0)","decl":{"start":{"line":17,"column":22},"end":{"line":17,"column":23}},"loc":{"start":{"line":17,"column":49},"end":{"line":17,"column":75}},"line":17}},"branchMap":{},"s":{"0":0,"1":0,"2":0},"f":{"0":0},"b":{}}
,"C:\\Users\\USer\\Desktop\\contacts-test-task\\src\\main.jsx": {"path":"C:\\Users\\USer\\Desktop\\contacts-test-task\\src\\main.jsx","statementMap":{"0":{"start":{"line":13,"column":0},"end":{"line":23,"column":2}}},"fnMap":{},"branchMap":{},"s":{"0":0},"f":{},"b":{}}
,"C:\\Users\\USer\\Desktop\\contacts-test-task\\src\\setupTests.js": {"path":"C:\\Users\\USer\\Desktop\\contacts-test-task\\src\\setupTests.js","statementMap":{"0":{"start":{"line":2,"column":0},"end":{"line":2,"column":16}}},"fnMap":{},"branchMap":{},"s":{"0":0},"f":{},"b":{}}
,"C:\\Users\\USer\\Desktop\\contacts-test-task\\src\\components\\Global\\MainPageList.styled.js": {"path":"C:\\Users\\USer\\Desktop\\contacts-test-task\\src\\components\\Global\\MainPageList.styled.js","statementMap":{"0":{"start":{"line":3,"column":28},"end":{"line":12,"column":1}}},"fnMap":{},"branchMap":{},"s":{"0":0},"f":{},"b":{}}
,"C:\\Users\\USer\\Desktop\\contacts-test-task\\src\\components\\Global\\Spiner\\Spinner.jsx": {"path":"C:\\Users\\USer\\Desktop\\contacts-test-task\\src\\components\\Global\\Spiner\\Spinner.jsx","statementMap":{"0":{"start":{"line":4,"column":23},"end":{"line":20,"column":1}},"1":{"start":{"line":5,"column":2},"end":{"line":19,"column":4}}},"fnMap":{"0":{"name":"(anonymous_0)","decl":{"start":{"line":4,"column":23},"end":{"line":4,"column":24}},"loc":{"start":{"line":4,"column":29},"end":{"line":20,"column":1}},"line":4}},"branchMap":{},"s":{"0":0,"1":0},"f":{"0":0},"b":{}}
,"C:\\Users\\USer\\Desktop\\contacts-test-task\\src\\components\\Global\\Spiner\\Spinner.styled.js": {"path":"C:\\Users\\USer\\Desktop\\contacts-test-task\\src\\components\\Global\\Spiner\\Spinner.styled.js","statementMap":{"0":{"start":{"line":3,"column":30},"end":{"line":7,"column":1}}},"fnMap":{},"branchMap":{},"s":{"0":0},"f":{},"b":{}}
,"C:\\Users\\USer\\Desktop\\contacts-test-task\\src\\components\\PhoneBook\\ContactsForm\\ContactsForm.jsx": {"path":"C:\\Users\\USer\\Desktop\\contacts-test-task\\src\\components\\PhoneBook\\ContactsForm\\ContactsForm.jsx","statementMap":{"0":{"start":{"line":26,"column":22},"end":{"line":30,"column":1}},"1":{"start":{"line":32,"column":28},"end":{"line":128,"column":1}},"2":{"start":{"line":33,"column":19},"end":{"line":33,"column":46}},"3":{"start":{"line":34,"column":20},"end":{"line":34,"column":46}},"4":{"start":{"line":36,"column":19},"end":{"line":36,"column":32}},"5":{"start":{"line":43,"column":6},"end":{"line":46,"column":4}},"6":{"start":{"line":48,"column":19},"end":{"line":95,"column":3}},"7":{"start":{"line":49,"column":4},"end":{"line":52,"column":5}},"8":{"start":{"line":50,"column":6},"end":{"line":50,"column":35}},"9":{"start":{"line":51,"column":6},"end":{"line":51,"column":13}},"10":{"start":{"line":55,"column":6},"end":{"line":61,"column":7}},"11":{"start":{"line":58,"column":10},"end":{"line":60,"column":44}},"12":{"start":{"line":63,"column":4},"end":{"line":66,"column":5}},"13":{"start":{"line":64,"column":6},"end":{"line":64,"column":43}},"14":{"start":{"line":65,"column":6},"end":{"line":65,"column":13}},"15":{"start":{"line":68,"column":28},"end":{"line":72,"column":5}},"16":{"start":{"line":74,"column":23},"end":{"line":84,"column":5}},"17":{"start":{"line":86,"column":4},"end":{"line":90,"column":6}},"18":{"start":{"line":88,"column":8},"end":{"line":89,"column":37}},"19":{"start":{"line":92,"column":4},"end":{"line":92,"column":40}},"20":{"start":{"line":93,"column":4},"end":{"line":93,"column":50}},"21":{"start":{"line":94,"column":4},"end":{"line":94,"column":12}},"22":{"start":{"line":97,"column":2},"end":{"line":127,"column":4}}},"fnMap":{"0":{"name":"(anonymous_0)","decl":{"start":{"line":32,"column":28},"end":{"line":32,"column":29}},"loc":{"start":{"line":32,"column":34},"end":{"line":128,"column":1}},"line":32},"1":{"name":"(anonymous_1)","decl":{"start":{"line":48,"column":19},"end":{"line":48,"column":20}},"loc":{"start":{"line":48,"column":29},"end":{"line":95,"column":3}},"line":48},"2":{"name":"(anonymous_2)","decl":{"start":{"line":57,"column":8},"end":{"line":57,"column":9}},"loc":{"start":{"line":58,"column":10},"end":{"line":60,"column":44}},"line":58},"3":{"name":"(anonymous_3)","decl":{"start":{"line":87,"column":6},"end":{"line":87,"column":7}},"loc":{"start":{"line":88,"column":8},"end":{"line":89,"column":37}},"line":88}},"branchMap":{"0":{"loc":{"start":{"line":49,"column":4},"end":{"line":52,"column":5}},"type":"if","locations":[{"start":{"line":49,"column":4},"end":{"line":52,"column":5}},{"start":{},"end":{}}],"line":49},"1":{"loc":{"start":{"line":55,"column":6},"end":{"line":61,"column":7}},"type":"binary-expr","locations":[{"start":{"line":55,"column":6},"end":{"line":55,"column":14}},{"start":{"line":56,"column":6},"end":{"line":61,"column":7}}],"line":55},"2":{"loc":{"start":{"line":58,"column":10},"end":{"line":60,"column":44}},"type":"binary-expr","locations":[{"start":{"line":58,"column":10},"end":{"line":58,"column":38}},{"start":{"line":59,"column":10},"end":{"line":60,"column":44}}],"line":58},"3":{"loc":{"start":{"line":63,"column":4},"end":{"line":66,"column":5}},"type":"if","locations":[{"start":{"line":63,"column":4},"end":{"line":66,"column":5}},{"start":{},"end":{}}],"line":63},"4":{"loc":{"start":{"line":88,"column":8},"end":{"line":89,"column":37}},"type":"binary-expr","locations":[{"start":{"line":88,"column":8},"end":{"line":88,"column":52}},{"start":{"line":89,"column":8},"end":{"line":89,"column":37}}],"line":88},"5":{"loc":{"start":{"line":105,"column":9},"end":{"line":107,"column":9}},"type":"binary-expr","locations":[{"start":{"line":105,"column":9},"end":{"line":105,"column":29}},{"start":{"line":106,"column":10},"end":{"line":106,"column":61}}],"line":105},"6":{"loc":{"start":{"line":112,"column":9},"end":{"line":114,"column":9}},"type":"binary-expr","locations":[{"start":{"line":112,"column":9},"end":{"line":112,"column":28}},{"start":{"line":113,"column":10},"end":{"line":113,"column":60}}],"line":112},"7":{"loc":{"start":{"line":119,"column":9},"end":{"line":119,"column":68}},"type":"binary-expr","locations":[{"start":{"line":119,"column":9},"end":{"line":119,"column":21}},{"start":{"line":119,"column":25},"end":{"line":119,"column":68}}],"line":119},"8":{"loc":{"start":{"line":122,"column":11},"end":{"line":122,"column":54}},"type":"cond-expr","locations":[{"start":{"line":122,"column":23},"end":{"line":122,"column":35}},{"start":{"line":122,"column":38},"end":{"line":122,"column":54}}],"line":122}},"s":{"0":0,"1":0,"2":0,"3":0,"4":0,"5":0,"6":0,"7":0,"8":0,"9":0,"10":0,"11":0,"12":0,"13":0,"14":0,"15":0,"16":0,"17":0,"18":0,"19":0,"20":0,"21":0,"22":0},"f":{"0":0,"1":0,"2":0,"3":0},"b":{"0":[0,0],"1":[0,0],"2":[0,0],"3":[0,0],"4":[0,0],"5":[0,0],"6":[0,0],"7":[0,0],"8":[0,0]}}
,"C:\\Users\\USer\\Desktop\\contacts-test-task\\src\\components\\PhoneBook\\ContactsForm\\ContactsForm.styled.js": {"path":"C:\\Users\\USer\\Desktop\\contacts-test-task\\src\\components\\PhoneBook\\ContactsForm\\ContactsForm.styled.js","statementMap":{"0":{"start":{"line":3,"column":21},"end":{"line":7,"column":1}},"1":{"start":{"line":9,"column":27},"end":{"line":20,"column":1}},"2":{"start":{"line":22,"column":20},"end":{"line":27,"column":1}},"3":{"start":{"line":29,"column":21},"end":{"line":35,"column":1}},"4":{"start":{"line":37,"column":21},"end":{"line":53,"column":1}},"5":{"start":{"line":39,"column":49},"end":{"line":39,"column":70}},"6":{"start":{"line":41,"column":49},"end":{"line":41,"column":75}},"7":{"start":{"line":48,"column":40},"end":{"line":48,"column":61}},"8":{"start":{"line":55,"column":22},"end":{"line":64,"column":1}},"9":{"start":{"line":61,"column":49},"end":{"line":61,"column":70}},"10":{"start":{"line":63,"column":49},"end":{"line":63,"column":75}},"11":{"start":{"line":66,"column":24},"end":{"line":72,"column":1}}},"fnMap":{"0":{"name":"(anonymous_0)","decl":{"start":{"line":39,"column":22},"end":{"line":39,"column":23}},"loc":{"start":{"line":39,"column":49},"end":{"line":39,"column":70}},"line":39},"1":{"name":"(anonymous_1)","decl":{"start":{"line":41,"column":22},"end":{"line":41,"column":23}},"loc":{"start":{"line":41,"column":49},"end":{"line":41,"column":75}},"line":41},"2":{"name":"(anonymous_2)","decl":{"start":{"line":48,"column":13},"end":{"line":48,"column":14}},"loc":{"start":{"line":48,"column":40},"end":{"line":48,"column":61}},"line":48},"3":{"name":"(anonymous_3)","decl":{"start":{"line":61,"column":22},"end":{"line":61,"column":23}},"loc":{"start":{"line":61,"column":49},"end":{"line":61,"column":70}},"line":61},"4":{"name":"(anonymous_4)","decl":{"start":{"line":63,"column":22},"end":{"line":63,"column":23}},"loc":{"start":{"line":63,"column":49},"end":{"line":63,"column":75}},"line":63}},"branchMap":{},"s":{"0":0,"1":0,"2":0,"3":0,"4":0,"5":0,"6":0,"7":0,"8":0,"9":0,"10":0,"11":0},"f":{"0":0,"1":0,"2":0,"3":0,"4":0},"b":{}}
,"C:\\Users\\USer\\Desktop\\contacts-test-task\\src\\components\\PhoneBook\\ContactsList\\ContactsList.jsx": {"path":"C:\\Users\\USer\\Desktop\\contacts-test-task\\src\\components\\PhoneBook\\ContactsList\\ContactsList.jsx","statementMap":{"0":{"start":{"line":10,"column":28},"end":{"line":25,"column":1}},"1":{"start":{"line":11,"column":20},"end":{"line":11,"column":46}},"2":{"start":{"line":12,"column":19},"end":{"line":12,"column":32}},"3":{"start":{"line":14,"column":2},"end":{"line":16,"column":17}},"4":{"start":{"line":15,"column":4},"end":{"line":15,"column":32}},"5":{"start":{"line":18,"column":2},"end":{"line":24,"column":4}}},"fnMap":{"0":{"name":"(anonymous_0)","decl":{"start":{"line":10,"column":28},"end":{"line":10,"column":29}},"loc":{"start":{"line":10,"column":34},"end":{"line":25,"column":1}},"line":10},"1":{"name":"(anonymous_1)","decl":{"start":{"line":14,"column":12},"end":{"line":14,"column":13}},"loc":{"start":{"line":14,"column":18},"end":{"line":16,"column":3}},"line":14}},"branchMap":{"0":{"loc":{"start":{"line":22,"column":7},"end":{"line":22,"column":53}},"type":"cond-expr","locations":[{"start":{"line":22,"column":19},"end":{"line":22,"column":30}},{"start":{"line":22,"column":33},"end":{"line":22,"column":53}}],"line":22}},"s":{"0":0,"1":0,"2":0,"3":0,"4":0,"5":0},"f":{"0":0,"1":0},"b":{"0":[0,0]}}
,"C:\\Users\\USer\\Desktop\\contacts-test-task\\src\\components\\PhoneBook\\ContactsList\\ContactsList.syled.js": {"path":"C:\\Users\\USer\\Desktop\\contacts-test-task\\src\\components\\PhoneBook\\ContactsList\\ContactsList.syled.js","statementMap":{"0":{"start":{"line":3,"column":35},"end":{"line":5,"column":1}},"1":{"start":{"line":7,"column":21},"end":{"line":12,"column":1}},"2":{"start":{"line":14,"column":34},"end":{"line":21,"column":1}}},"fnMap":{},"branchMap":{},"s":{"0":0,"1":0,"2":0},"f":{},"b":{}}
,"C:\\Users\\USer\\Desktop\\contacts-test-task\\src\\components\\PhoneBook\\ContactsListItem\\ContactsListItem.jsx": {"path":"C:\\Users\\USer\\Desktop\\contacts-test-task\\src\\components\\PhoneBook\\ContactsListItem\\ContactsListItem.jsx","statementMap":{"0":{"start":{"line":24,"column":32},"end":{"line":92,"column":1}},"1":{"start":{"line":25,"column":19},"end":{"line":25,"column":46}},"2":{"start":{"line":27,"column":19},"end":{"line":27,"column":32}},"3":{"start":{"line":29,"column":23},"end":{"line":32,"column":3}},"4":{"start":{"line":30,"column":4},"end":{"line":30,"column":43}},"5":{"start":{"line":31,"column":4},"end":{"line":31,"column":54}},"6":{"start":{"line":34,"column":2},"end":{"line":91,"column":4}},"7":{"start":{"line":38,"column":10},"end":{"line":85,"column":28}},"8":{"start":{"line":73,"column":24},"end":{"line":75,"column":38}},"9":{"start":{"line":82,"column":54},"end":{"line":82,"column":70}}},"fnMap":{"0":{"name":"(anonymous_0)","decl":{"start":{"line":24,"column":32},"end":{"line":24,"column":33}},"loc":{"start":{"line":24,"column":38},"end":{"line":92,"column":1}},"line":24},"1":{"name":"(anonymous_1)","decl":{"start":{"line":29,"column":23},"end":{"line":29,"column":24}},"loc":{"start":{"line":29,"column":38},"end":{"line":32,"column":3}},"line":29},"2":{"name":"(anonymous_2)","decl":{"start":{"line":37,"column":21},"end":{"line":37,"column":22}},"loc":{"start":{"line":38,"column":10},"end":{"line":85,"column":28}},"line":38},"3":{"name":"(anonymous_3)","decl":{"start":{"line":72,"column":31},"end":{"line":72,"column":32}},"loc":{"start":{"line":73,"column":24},"end":{"line":75,"column":38}},"line":73},"4":{"name":"(anonymous_4)","decl":{"start":{"line":82,"column":48},"end":{"line":82,"column":49}},"loc":{"start":{"line":82,"column":54},"end":{"line":82,"column":70}},"line":82}},"branchMap":{"0":{"loc":{"start":{"line":36,"column":7},"end":{"line":89,"column":7}},"type":"cond-expr","locations":[{"start":{"line":37,"column":8},"end":{"line":86,"column":10}},{"start":{"line":88,"column":8},"end":{"line":88,"column":24}}],"line":36},"1":{"loc":{"start":{"line":36,"column":7},"end":{"line":36,"column":40}},"type":"binary-expr","locations":[{"start":{"line":36,"column":7},"end":{"line":36,"column":15}},{"start":{"line":36,"column":19},"end":{"line":36,"column":40}}],"line":36},"2":{"loc":{"start":{"line":43,"column":23},"end":{"line":43,"column":45}},"type":"binary-expr","locations":[{"start":{"line":43,"column":23},"end":{"line":43,"column":33}},{"start":{"line":43,"column":37},"end":{"line":43,"column":45}}],"line":43},"3":{"loc":{"start":{"line":52,"column":25},"end":{"line":54,"column":55}},"type":"binary-expr","locations":[{"start":{"line":52,"column":25},"end":{"line":52,"column":31}},{"start":{"line":53,"column":26},"end":{"line":53,"column":46}},{"start":{"line":54,"column":26},"end":{"line":54,"column":55}}],"line":52},"4":{"loc":{"start":{"line":58,"column":25},"end":{"line":60,"column":54}},"type":"binary-expr","locations":[{"start":{"line":58,"column":25},"end":{"line":58,"column":31}},{"start":{"line":59,"column":26},"end":{"line":59,"column":45}},{"start":{"line":60,"column":26},"end":{"line":60,"column":54}}],"line":58},"5":{"loc":{"start":{"line":66,"column":23},"end":{"line":66,"column":79}},"type":"binary-expr","locations":[{"start":{"line":66,"column":23},"end":{"line":66,"column":35}},{"start":{"line":66,"column":39},"end":{"line":66,"column":54}},{"start":{"line":66,"column":58},"end":{"line":66,"column":79}}],"line":66},"6":{"loc":{"start":{"line":71,"column":21},"end":{"line":76,"column":24}},"type":"binary-expr","locations":[{"start":{"line":71,"column":21},"end":{"line":71,"column":38}},{"start":{"line":72,"column":22},"end":{"line":76,"column":24}}],"line":71}},"s":{"0":0,"1":0,"2":0,"3":0,"4":0,"5":0,"6":0,"7":0,"8":0,"9":0},"f":{"0":0,"1":0,"2":0,"3":0,"4":0},"b":{"0":[0,0],"1":[0,0],"2":[0,0],"3":[0,0,0],"4":[0,0,0],"5":[0,0,0],"6":[0,0]}}
,"C:\\Users\\USer\\Desktop\\contacts-test-task\\src\\components\\PhoneBook\\ContactsListItem\\ContactsListItem.styled.js": {"path":"C:\\Users\\USer\\Desktop\\contacts-test-task\\src\\components\\PhoneBook\\ContactsListItem\\ContactsListItem.styled.js","statementMap":{"0":{"start":{"line":4,"column":31},"end":{"line":12,"column":1}},"1":{"start":{"line":8,"column":43},"end":{"line":8,"column":60}},"2":{"start":{"line":14,"column":26},"end":{"line":18,"column":1}},"3":{"start":{"line":16,"column":26},"end":{"line":16,"column":31}},"4":{"start":{"line":17,"column":28},"end":{"line":17,"column":34}},"5":{"start":{"line":20,"column":27},"end":{"line":24,"column":1}},"6":{"start":{"line":26,"column":25},"end":{"line":29,"column":1}},"7":{"start":{"line":27,"column":26},"end":{"line":27,"column":31}},"8":{"start":{"line":28,"column":28},"end":{"line":28,"column":34}},"9":{"start":{"line":31,"column":34},"end":{"line":39,"column":1}},"10":{"start":{"line":41,"column":34},"end":{"line":46,"column":1}},"11":{"start":{"line":42,"column":38},"end":{"line":42,"column":54}},"12":{"start":{"line":48,"column":43},"end":{"line":54,"column":1}},"13":{"start":{"line":49,"column":38},"end":{"line":49,"column":54}},"14":{"start":{"line":56,"column":21},"end":{"line":60,"column":1}},"15":{"start":{"line":62,"column":23},"end":{"line":72,"column":1}},"16":{"start":{"line":74,"column":19},"end":{"line":79,"column":1}},"17":{"start":{"line":75,"column":38},"end":{"line":75,"column":54}},"18":{"start":{"line":81,"column":27},"end":{"line":92,"column":1}},"19":{"start":{"line":85,"column":49},"end":{"line":85,"column":69}},"20":{"start":{"line":94,"column":31},"end":{"line":99,"column":1}},"21":{"start":{"line":95,"column":38},"end":{"line":95,"column":54}},"22":{"start":{"line":101,"column":36},"end":{"line":106,"column":1}},"23":{"start":{"line":108,"column":39},"end":{"line":113,"column":1}},"24":{"start":{"line":115,"column":29},"end":{"line":117,"column":1}}},"fnMap":{"0":{"name":"(anonymous_0)","decl":{"start":{"line":8,"column":16},"end":{"line":8,"column":17}},"loc":{"start":{"line":8,"column":43},"end":{"line":8,"column":60}},"line":8},"1":{"name":"(anonymous_1)","decl":{"start":{"line":16,"column":11},"end":{"line":16,"column":12}},"loc":{"start":{"line":16,"column":26},"end":{"line":16,"column":31}},"line":16},"2":{"name":"(anonymous_2)","decl":{"start":{"line":17,"column":12},"end":{"line":17,"column":13}},"loc":{"start":{"line":17,"column":28},"end":{"line":17,"column":34}},"line":17},"3":{"name":"(anonymous_3)","decl":{"start":{"line":27,"column":11},"end":{"line":27,"column":12}},"loc":{"start":{"line":27,"column":26},"end":{"line":27,"column":31}},"line":27},"4":{"name":"(anonymous_4)","decl":{"start":{"line":28,"column":12},"end":{"line":28,"column":13}},"loc":{"start":{"line":28,"column":28},"end":{"line":28,"column":34}},"line":28},"5":{"name":"(anonymous_5)","decl":{"start":{"line":42,"column":11},"end":{"line":42,"column":12}},"loc":{"start":{"line":42,"column":38},"end":{"line":42,"column":54}},"line":42},"6":{"name":"(anonymous_6)","decl":{"start":{"line":49,"column":11},"end":{"line":49,"column":12}},"loc":{"start":{"line":49,"column":38},"end":{"line":49,"column":54}},"line":49},"7":{"name":"(anonymous_7)","decl":{"start":{"line":75,"column":11},"end":{"line":75,"column":12}},"loc":{"start":{"line":75,"column":38},"end":{"line":75,"column":54}},"line":75},"8":{"name":"(anonymous_8)","decl":{"start":{"line":85,"column":22},"end":{"line":85,"column":23}},"loc":{"start":{"line":85,"column":49},"end":{"line":85,"column":69}},"line":85},"9":{"name":"(anonymous_9)","decl":{"start":{"line":95,"column":11},"end":{"line":95,"column":12}},"loc":{"start":{"line":95,"column":38},"end":{"line":95,"column":54}},"line":95}},"branchMap":{},"s":{"0":0,"1":0,"2":0,"3":0,"4":0,"5":0,"6":0,"7":0,"8":0,"9":0,"10":0,"11":0,"12":0,"13":0,"14":0,"15":0,"16":0,"17":0,"18":0,"19":0,"20":0,"21":0,"22":0,"23":0,"24":0},"f":{"0":0,"1":0,"2":0,"3":0,"4":0,"5":0,"6":0,"7":0,"8":0,"9":0},"b":{}}
,"C:\\Users\\USer\\Desktop\\contacts-test-task\\src\\components\\layout\\Layout.jsx": {"path":"C:\\Users\\USer\\Desktop\\contacts-test-task\\src\\components\\layout\\Layout.jsx","statementMap":{"0":{"start":{"line":5,"column":22},"end":{"line":15,"column":1}},"1":{"start":{"line":6,"column":2},"end":{"line":14,"column":4}}},"fnMap":{"0":{"name":"(anonymous_0)","decl":{"start":{"line":5,"column":22},"end":{"line":5,"column":23}},"loc":{"start":{"line":5,"column":28},"end":{"line":15,"column":1}},"line":5}},"branchMap":{},"s":{"0":0,"1":0},"f":{"0":0},"b":{}}
,"C:\\Users\\USer\\Desktop\\contacts-test-task\\src\\components\\layout\\Layout.styled.js": {"path":"C:\\Users\\USer\\Desktop\\contacts-test-task\\src\\components\\layout\\Layout.styled.js","statementMap":{"0":{"start":{"line":3,"column":25},"end":{"line":9,"column":1}},"1":{"start":{"line":11,"column":24},"end":{"line":16,"column":1}}},"fnMap":{},"branchMap":{},"s":{"0":0,"1":0},"f":{},"b":{}}
,"C:\\Users\\USer\\Desktop\\contacts-test-task\\src\\components\\pages\\ContactDetails.jsx": {"path":"C:\\Users\\USer\\Desktop\\contacts-test-task\\src\\components\\pages\\ContactDetails.jsx","statementMap":{"0":{"start":{"line":38,"column":30},"end":{"line":129,"column":1}},"1":{"start":{"line":39,"column":19},"end":{"line":39,"column":32}},"2":{"start":{"line":40,"column":17},"end":{"line":40,"column":28}},"3":{"start":{"line":42,"column":2},"end":{"line":44,"column":21}},"4":{"start":{"line":43,"column":4},"end":{"line":43,"column":33}},"5":{"start":{"line":46,"column":20},"end":{"line":46,"column":46}},"6":{"start":{"line":47,"column":18},"end":{"line":47,"column":42}},"7":{"start":{"line":49,"column":44},"end":{"line":49,"column":67}},"8":{"start":{"line":51,"column":19},"end":{"line":69,"column":3}},"9":{"start":{"line":52,"column":4},"end":{"line":55,"column":5}},"10":{"start":{"line":53,"column":6},"end":{"line":53,"column":35}},"11":{"start":{"line":54,"column":6},"end":{"line":54,"column":13}},"12":{"start":{"line":57,"column":24},"end":{"line":60,"column":34}},"13":{"start":{"line":59,"column":20},"end":{"line":59,"column":30}},"14":{"start":{"line":60,"column":23},"end":{"line":60,"column":33}},"15":{"start":{"line":62,"column":17},"end":{"line":62,"column":65}},"16":{"start":{"line":64,"column":4},"end":{"line":68,"column":5}},"17":{"start":{"line":65,"column":6},"end":{"line":65,"column":46}},"18":{"start":{"line":66,"column":6},"end":{"line":66,"column":52}},"19":{"start":{"line":67,"column":6},"end":{"line":67,"column":14}},"20":{"start":{"line":71,"column":22},"end":{"line":71,"column":52}},"21":{"start":{"line":73,"column":15},"end":{"line":73,"column":44}},"22":{"start":{"line":76,"column":4},"end":{"line":76,"column":58}},"23":{"start":{"line":78,"column":2},"end":{"line":128,"column":4}},"24":{"start":{"line":109,"column":18},"end":{"line":111,"column":32}}},"fnMap":{"0":{"name":"(anonymous_0)","decl":{"start":{"line":38,"column":30},"end":{"line":38,"column":31}},"loc":{"start":{"line":38,"column":36},"end":{"line":129,"column":1}},"line":38},"1":{"name":"(anonymous_1)","decl":{"start":{"line":42,"column":12},"end":{"line":42,"column":13}},"loc":{"start":{"line":42,"column":18},"end":{"line":44,"column":3}},"line":42},"2":{"name":"(anonymous_2)","decl":{"start":{"line":51,"column":19},"end":{"line":51,"column":20}},"loc":{"start":{"line":51,"column":29},"end":{"line":69,"column":3}},"line":51},"3":{"name":"(anonymous_3)","decl":{"start":{"line":59,"column":11},"end":{"line":59,"column":12}},"loc":{"start":{"line":59,"column":20},"end":{"line":59,"column":30}},"line":59},"4":{"name":"(anonymous_4)","decl":{"start":{"line":60,"column":14},"end":{"line":60,"column":15}},"loc":{"start":{"line":60,"column":23},"end":{"line":60,"column":33}},"line":60},"5":{"name":"(anonymous_5)","decl":{"start":{"line":108,"column":30},"end":{"line":108,"column":31}},"loc":{"start":{"line":109,"column":18},"end":{"line":111,"column":32}},"line":109}},"branchMap":{"0":{"loc":{"start":{"line":52,"column":4},"end":{"line":55,"column":5}},"type":"if","locations":[{"start":{"line":52,"column":4},"end":{"line":55,"column":5}},{"start":{},"end":{}}],"line":52},"1":{"loc":{"start":{"line":52,"column":8},"end":{"line":52,"column":40}},"type":"binary-expr","locations":[{"start":{"line":52,"column":8},"end":{"line":52,"column":13}},{"start":{"line":52,"column":17},"end":{"line":52,"column":40}}],"line":52},"2":{"loc":{"start":{"line":64,"column":4},"end":{"line":68,"column":5}},"type":"if","locations":[{"start":{"line":64,"column":4},"end":{"line":68,"column":5}},{"start":{},"end":{}}],"line":64},"3":{"loc":{"start":{"line":64,"column":8},"end":{"line":64,"column":30}},"type":"binary-expr","locations":[{"start":{"line":64,"column":8},"end":{"line":64,"column":16}},{"start":{"line":64,"column":20},"end":{"line":64,"column":30}}],"line":64},"4":{"loc":{"start":{"line":73,"column":15},"end":{"line":73,"column":44}},"type":"binary-expr","locations":[{"start":{"line":73,"column":15},"end":{"line":73,"column":26}},{"start":{"line":73,"column":30},"end":{"line":73,"column":44}}],"line":73},"5":{"loc":{"start":{"line":76,"column":4},"end":{"line":76,"column":58}},"type":"binary-expr","locations":[{"start":{"line":76,"column":4},"end":{"line":76,"column":8}},{"start":{"line":76,"column":12},"end":{"line":76,"column":58}}],"line":76},"6":{"loc":{"start":{"line":80,"column":7},"end":{"line":125,"column":7}},"type":"binary-expr","locations":[{"start":{"line":80,"column":7},"end":{"line":80,"column":18}},{"start":{"line":80,"column":22},"end":{"line":80,"column":46}},{"start":{"line":81,"column":8},"end":{"line":124,"column":18}}],"line":80},"7":{"loc":{"start":{"line":92,"column":21},"end":{"line":92,"column":70}},"type":"binary-expr","locations":[{"start":{"line":92,"column":21},"end":{"line":92,"column":32}},{"start":{"line":92,"column":36},"end":{"line":92,"column":70}}],"line":92},"8":{"loc":{"start":{"line":95,"column":21},"end":{"line":95,"column":74}},"type":"binary-expr","locations":[{"start":{"line":95,"column":21},"end":{"line":95,"column":36}},{"start":{"line":95,"column":40},"end":{"line":95,"column":74}}],"line":95},"9":{"loc":{"start":{"line":107,"column":15},"end":{"line":112,"column":18}},"type":"binary-expr","locations":[{"start":{"line":107,"column":15},"end":{"line":107,"column":24}},{"start":{"line":108,"column":16},"end":{"line":112,"column":18}}],"line":107},"10":{"loc":{"start":{"line":118,"column":19},"end":{"line":118,"column":55}},"type":"cond-expr","locations":[{"start":{"line":118,"column":31},"end":{"line":118,"column":43}},{"start":{"line":118,"column":46},"end":{"line":118,"column":55}}],"line":118},"11":{"loc":{"start":{"line":126,"column":7},"end":{"line":126,"column":43}},"type":"binary-expr","locations":[{"start":{"line":126,"column":7},"end":{"line":126,"column":16}},{"start":{"line":126,"column":20},"end":{"line":126,"column":28}},{"start":{"line":126,"column":32},"end":{"line":126,"column":43}}],"line":126}},"s":{"0":0,"1":0,"2":0,"3":0,"4":0,"5":0,"6":0,"7":0,"8":0,"9":0,"10":0,"11":0,"12":0,"13":0,"14":0,"15":0,"16":0,"17":0,"18":0,"19":0,"20":0,"21":0,"22":0,"23":0,"24":0},"f":{"0":0,"1":0,"2":0,"3":0,"4":0,"5":0},"b":{"0":[0,0],"1":[0,0],"2":[0,0],"3":[0,0],"4":[0,0],"5":[0,0],"6":[0,0,0],"7":[0,0],"8":[0,0],"9":[0,0],"10":[0,0],"11":[0,0,0]}}
,"C:\\Users\\USer\\Desktop\\contacts-test-task\\src\\components\\pages\\Home.jsx": {"path":"C:\\Users\\USer\\Desktop\\contacts-test-task\\src\\components\\pages\\Home.jsx","statementMap":{"0":{"start":{"line":5,"column":20},"end":{"line":19,"column":1}},"1":{"start":{"line":6,"column":2},"end":{"line":18,"column":4}}},"fnMap":{"0":{"name":"(anonymous_0)","decl":{"start":{"line":5,"column":20},"end":{"line":5,"column":21}},"loc":{"start":{"line":5,"column":26},"end":{"line":19,"column":1}},"line":5}},"branchMap":{},"s":{"0":0,"1":0},"f":{"0":0},"b":{}}
,"C:\\Users\\USer\\Desktop\\contacts-test-task\\src\\components\\redux\\store.js": {"path":"C:\\Users\\USer\\Desktop\\contacts-test-task\\src\\components\\redux\\store.js","statementMap":{"0":{"start":{"line":4,"column":21},"end":{"line":8,"column":2}},"1":{"start":{"line":10,"column":25},"end":{"line":10,"column":30}}},"fnMap":{},"branchMap":{},"s":{"0":0,"1":0},"f":{},"b":{}}
,"C:\\Users\\USer\\Desktop\\contacts-test-task\\src\\components\\redux\\contacts\\contacts-operations.js": {"path":"C:\\Users\\USer\\Desktop\\contacts-test-task\\src\\components\\redux\\contacts\\contacts-operations.js","statementMap":{"0":{"start":{"line":4,"column":0},"end":{"line":5,"column":74}},"1":{"start":{"line":7,"column":14},"end":{"line":14,"column":1}},"2":{"start":{"line":9,"column":4},"end":{"line":9,"column":68}},"3":{"start":{"line":12,"column":4},"end":{"line":12,"column":53}},"4":{"start":{"line":17,"column":18},"end":{"line":17,"column":44}},"5":{"start":{"line":19,"column":31},"end":{"line":43,"column":1}},"6":{"start":{"line":22,"column":4},"end":{"line":41,"column":5}},"7":{"start":{"line":23,"column":19},"end":{"line":32,"column":7}},"8":{"start":{"line":34,"column":6},"end":{"line":36,"column":7}},"9":{"start":{"line":35,"column":8},"end":{"line":35,"column":33}},"10":{"start":{"line":38,"column":6},"end":{"line":38,"column":33}},"11":{"start":{"line":40,"column":6},"end":{"line":40,"column":53}},"12":{"start":{"line":45,"column":30},"end":{"line":65,"column":1}},"13":{"start":{"line":48,"column":4},"end":{"line":63,"column":5}},"14":{"start":{"line":49,"column":19},"end":{"line":54,"column":8}},"15":{"start":{"line":56,"column":6},"end":{"line":58,"column":7}},"16":{"start":{"line":57,"column":8},"end":{"line":57,"column":33}},"17":{"start":{"line":60,"column":6},"end":{"line":60,"column":33}},"18":{"start":{"line":62,"column":6},"end":{"line":62,"column":53}},"19":{"start":{"line":67,"column":29},"end":{"line":92,"column":1}},"20":{"start":{"line":70,"column":4},"end":{"line":90,"column":5}},"21":{"start":{"line":71,"column":19},"end":{"line":81,"column":7}},"22":{"start":{"line":83,"column":6},"end":{"line":85,"column":7}},"23":{"start":{"line":84,"column":8},"end":{"line":84,"column":33}},"24":{"start":{"line":87,"column":6},"end":{"line":87,"column":23}},"25":{"start":{"line":89,"column":6},"end":{"line":89,"column":53}},"26":{"start":{"line":94,"column":33},"end":{"line":118,"column":1}},"27":{"start":{"line":97,"column":4},"end":{"line":116,"column":5}},"28":{"start":{"line":98,"column":19},"end":{"line":107,"column":7}},"29":{"start":{"line":109,"column":6},"end":{"line":111,"column":7}},"30":{"start":{"line":110,"column":8},"end":{"line":110,"column":33}},"31":{"start":{"line":113,"column":6},"end":{"line":113,"column":28}},"32":{"start":{"line":115,"column":6},"end":{"line":115,"column":53}},"33":{"start":{"line":120,"column":31},"end":{"line":147,"column":1}},"34":{"start":{"line":123,"column":4},"end":{"line":145,"column":5}},"35":{"start":{"line":124,"column":27},"end":{"line":124,"column":35}},"36":{"start":{"line":126,"column":19},"end":{"line":136,"column":7}},"37":{"start":{"line":138,"column":6},"end":{"line":140,"column":7}},"38":{"start":{"line":139,"column":8},"end":{"line":139,"column":33}},"39":{"start":{"line":142,"column":6},"end":{"line":142,"column":23}},"40":{"start":{"line":144,"column":6},"end":{"line":144,"column":53}}},"fnMap":{"0":{"name":"(anonymous_0)","decl":{"start":{"line":8,"column":2},"end":{"line":8,"column":3}},"loc":{"start":{"line":8,"column":13},"end":{"line":10,"column":3}},"line":8},"1":{"name":"(anonymous_1)","decl":{"start":{"line":11,"column":2},"end":{"line":11,"column":3}},"loc":{"start":{"line":11,"column":10},"end":{"line":13,"column":3}},"line":11},"2":{"name":"(anonymous_2)","decl":{"start":{"line":21,"column":2},"end":{"line":21,"column":3}},"loc":{"start":{"line":21,"column":25},"end":{"line":42,"column":3}},"line":21},"3":{"name":"(anonymous_3)","decl":{"start":{"line":47,"column":2},"end":{"line":47,"column":3}},"loc":{"start":{"line":47,"column":26},"end":{"line":64,"column":3}},"line":47},"4":{"name":"(anonymous_4)","decl":{"start":{"line":69,"column":2},"end":{"line":69,"column":3}},"loc":{"start":{"line":69,"column":32},"end":{"line":91,"column":3}},"line":69},"5":{"name":"(anonymous_5)","decl":{"start":{"line":96,"column":2},"end":{"line":96,"column":3}},"loc":{"start":{"line":96,"column":33},"end":{"line":117,"column":3}},"line":96},"6":{"name":"(anonymous_6)","decl":{"start":{"line":122,"column":2},"end":{"line":122,"column":3}},"loc":{"start":{"line":122,"column":32},"end":{"line":146,"column":3}},"line":122}},"branchMap":{"0":{"loc":{"start":{"line":34,"column":6},"end":{"line":36,"column":7}},"type":"if","locations":[{"start":{"line":34,"column":6},"end":{"line":36,"column":7}},{"start":{},"end":{}}],"line":34},"1":{"loc":{"start":{"line":56,"column":6},"end":{"line":58,"column":7}},"type":"if","locations":[{"start":{"line":56,"column":6},"end":{"line":58,"column":7}},{"start":{},"end":{}}],"line":56},"2":{"loc":{"start":{"line":83,"column":6},"end":{"line":85,"column":7}},"type":"if","locations":[{"start":{"line":83,"column":6},"end":{"line":85,"column":7}},{"start":{},"end":{}}],"line":83},"3":{"loc":{"start":{"line":109,"column":6},"end":{"line":111,"column":7}},"type":"if","locations":[{"start":{"line":109,"column":6},"end":{"line":111,"column":7}},{"start":{},"end":{}}],"line":109},"4":{"loc":{"start":{"line":138,"column":6},"end":{"line":140,"column":7}},"type":"if","locations":[{"start":{"line":138,"column":6},"end":{"line":140,"column":7}},{"start":{},"end":{}}],"line":138}},"s":{"0":0,"1":0,"2":0,"3":0,"4":0,"5":0,"6":0,"7":0,"8":0,"9":0,"10":0,"11":0,"12":0,"13":0,"14":0,"15":0,"16":0,"17":0,"18":0,"19":0,"20":0,"21":0,"22":0,"23":0,"24":0,"25":0,"26":0,"27":0,"28":0,"29":0,"30":0,"31":0,"32":0,"33":0,"34":0,"35":0,"36":0,"37":0,"38":0,"39":0,"40":0},"f":{"0":0,"1":0,"2":0,"3":0,"4":0,"5":0,"6":0},"b":{"0":[0,0],"1":[0,0],"2":[0,0],"3":[0,0],"4":[0,0]}}
,"C:\\Users\\USer\\Desktop\\contacts-test-task\\src\\components\\redux\\contacts\\contacts-selectors.js": {"path":"C:\\Users\\USer\\Desktop\\contacts-test-task\\src\\components\\redux\\contacts\\contacts-selectors.js","statementMap":{"0":{"start":{"line":1,"column":30},"end":{"line":1,"column":61}},"1":{"start":{"line":1,"column":41},"end":{"line":1,"column":61}},"2":{"start":{"line":3,"column":33},"end":{"line":3,"column":70}},"3":{"start":{"line":3,"column":44},"end":{"line":3,"column":70}},"4":{"start":{"line":5,"column":26},"end":{"line":5,"column":56}},"5":{"start":{"line":5,"column":37},"end":{"line":5,"column":56}},"6":{"start":{"line":7,"column":29},"end":{"line":7,"column":64}},"7":{"start":{"line":7,"column":40},"end":{"line":7,"column":64}},"8":{"start":{"line":9,"column":27},"end":{"line":9,"column":60}},"9":{"start":{"line":9,"column":38},"end":{"line":9,"column":60}}},"fnMap":{"0":{"name":"(anonymous_0)","decl":{"start":{"line":1,"column":30},"end":{"line":1,"column":31}},"loc":{"start":{"line":1,"column":41},"end":{"line":1,"column":61}},"line":1},"1":{"name":"(anonymous_1)","decl":{"start":{"line":3,"column":33},"end":{"line":3,"column":34}},"loc":{"start":{"line":3,"column":44},"end":{"line":3,"column":70}},"line":3},"2":{"name":"(anonymous_2)","decl":{"start":{"line":5,"column":26},"end":{"line":5,"column":27}},"loc":{"start":{"line":5,"column":37},"end":{"line":5,"column":56}},"line":5},"3":{"name":"(anonymous_3)","decl":{"start":{"line":7,"column":29},"end":{"line":7,"column":30}},"loc":{"start":{"line":7,"column":40},"end":{"line":7,"column":64}},"line":7},"4":{"name":"(anonymous_4)","decl":{"start":{"line":9,"column":27},"end":{"line":9,"column":28}},"loc":{"start":{"line":9,"column":38},"end":{"line":9,"column":60}},"line":9}},"branchMap":{},"s":{"0":0,"1":0,"2":0,"3":0,"4":0,"5":0,"6":0,"7":0,"8":0,"9":0},"f":{"0":0,"1":0,"2":0,"3":0,"4":0},"b":{}}
,"C:\\Users\\USer\\Desktop\\contacts-test-task\\src\\components\\redux\\contacts\\contacts-slice.js": {"path":"C:\\Users\\USer\\Desktop\\contacts-test-task\\src\\components\\redux\\contacts\\contacts-slice.js","statementMap":{"0":{"start":{"line":10,"column":22},"end":{"line":12,"column":1}},"1":{"start":{"line":11,"column":2},"end":{"line":11,"column":25}},"2":{"start":{"line":14,"column":23},"end":{"line":17,"column":1}},"3":{"start":{"line":15,"column":2},"end":{"line":15,"column":26}},"4":{"start":{"line":16,"column":2},"end":{"line":16,"column":31}},"5":{"start":{"line":19,"column":22},"end":{"line":77,"column":2}},"6":{"start":{"line":30,"column":6},"end":{"line":30,"column":39}},"7":{"start":{"line":33,"column":6},"end":{"line":35,"column":9}},"8":{"start":{"line":34,"column":8},"end":{"line":34,"column":38}},"9":{"start":{"line":39,"column":4},"end":{"line":43,"column":7}},"10":{"start":{"line":40,"column":6},"end":{"line":40,"column":35}},"11":{"start":{"line":41,"column":6},"end":{"line":41,"column":30}},"12":{"start":{"line":42,"column":6},"end":{"line":42,"column":27}},"13":{"start":{"line":44,"column":4},"end":{"line":44,"column":60}},"14":{"start":{"line":45,"column":4},"end":{"line":45,"column":62}},"15":{"start":{"line":46,"column":4},"end":{"line":50,"column":7}},"16":{"start":{"line":47,"column":6},"end":{"line":47,"column":30}},"17":{"start":{"line":48,"column":6},"end":{"line":48,"column":27}},"18":{"start":{"line":49,"column":6},"end":{"line":49,"column":41}},"19":{"start":{"line":51,"column":4},"end":{"line":52,"column":63}},"20":{"start":{"line":53,"column":4},"end":{"line":57,"column":7}},"21":{"start":{"line":54,"column":6},"end":{"line":54,"column":30}},"22":{"start":{"line":55,"column":6},"end":{"line":55,"column":27}},"23":{"start":{"line":56,"column":6},"end":{"line":56,"column":39}},"24":{"start":{"line":58,"column":4},"end":{"line":59,"column":62}},"25":{"start":{"line":60,"column":4},"end":{"line":66,"column":7}},"26":{"start":{"line":61,"column":6},"end":{"line":61,"column":27}},"27":{"start":{"line":62,"column":6},"end":{"line":62,"column":30}},"28":{"start":{"line":63,"column":6},"end":{"line":65,"column":9}},"29":{"start":{"line":64,"column":8},"end":{"line":64,"column":49}},"30":{"start":{"line":67,"column":4},"end":{"line":67,"column":62}},"31":{"start":{"line":68,"column":4},"end":{"line":68,"column":64}},"32":{"start":{"line":69,"column":4},"end":{"line":73,"column":7}},"33":{"start":{"line":70,"column":6},"end":{"line":70,"column":30}},"34":{"start":{"line":71,"column":6},"end":{"line":71,"column":27}},"35":{"start":{"line":72,"column":6},"end":{"line":72,"column":56}},"36":{"start":{"line":74,"column":4},"end":{"line":74,"column":60}},"37":{"start":{"line":75,"column":4},"end":{"line":75,"column":62}},"38":{"start":{"line":79,"column":45},"end":{"line":79,"column":66}},"39":{"start":{"line":81,"column":31},"end":{"line":81,"column":52}}},"fnMap":{"0":{"name":"(anonymous_0)","decl":{"start":{"line":10,"column":22},"end":{"line":10,"column":23}},"loc":{"start":{"line":10,"column":33},"end":{"line":12,"column":1}},"line":10},"1":{"name":"(anonymous_1)","decl":{"start":{"line":14,"column":23},"end":{"line":14,"column":24}},"loc":{"start":{"line":14,"column":42},"end":{"line":17,"column":1}},"line":14},"2":{"name":"(anonymous_2)","decl":{"start":{"line":29,"column":4},"end":{"line":29,"column":5}},"loc":{"start":{"line":29,"column":30},"end":{"line":31,"column":5}},"line":29},"3":{"name":"(anonymous_3)","decl":{"start":{"line":32,"column":4},"end":{"line":32,"column":5}},"loc":{"start":{"line":32,"column":33},"end":{"line":36,"column":5}},"line":32},"4":{"name":"(anonymous_4)","decl":{"start":{"line":33,"column":39},"end":{"line":33,"column":40}},"loc":{"start":{"line":33,"column":52},"end":{"line":35,"column":7}},"line":33},"5":{"name":"(anonymous_5)","decl":{"start":{"line":38,"column":17},"end":{"line":38,"column":18}},"loc":{"start":{"line":38,"column":30},"end":{"line":76,"column":3}},"line":38},"6":{"name":"(anonymous_6)","decl":{"start":{"line":39,"column":47},"end":{"line":39,"column":48}},"loc":{"start":{"line":39,"column":66},"end":{"line":43,"column":5}},"line":39},"7":{"name":"(anonymous_7)","decl":{"start":{"line":46,"column":46},"end":{"line":46,"column":47}},"loc":{"start":{"line":46,"column":65},"end":{"line":50,"column":5}},"line":46},"8":{"name":"(anonymous_8)","decl":{"start":{"line":53,"column":45},"end":{"line":53,"column":46}},"loc":{"start":{"line":53,"column":64},"end":{"line":57,"column":5}},"line":53},"9":{"name":"(anonymous_9)","decl":{"start":{"line":60,"column":49},"end":{"line":60,"column":50}},"loc":{"start":{"line":60,"column":68},"end":{"line":66,"column":5}},"line":60},"10":{"name":"(anonymous_10)","decl":{"start":{"line":63,"column":39},"end":{"line":63,"column":40}},"loc":{"start":{"line":63,"column":49},"end":{"line":65,"column":7}},"line":63},"11":{"name":"(anonymous_11)","decl":{"start":{"line":69,"column":47},"end":{"line":69,"column":48}},"loc":{"start":{"line":69,"column":66},"end":{"line":73,"column":5}},"line":69}},"branchMap":{},"s":{"0":0,"1":0,"2":0,"3":0,"4":0,"5":0,"6":0,"7":0,"8":0,"9":0,"10":0,"11":0,"12":0,"13":0,"14":0,"15":0,"16":0,"17":0,"18":0,"19":0,"20":0,"21":0,"22":0,"23":0,"24":0,"25":0,"26":0,"27":0,"28":0,"29":0,"30":0,"31":0,"32":0,"33":0,"34":0,"35":0,"36":0,"37":0,"38":0,"39":0},"f":{"0":0,"1":0,"2":0,"3":0,"4":0,"5":0,"6":0,"7":0,"8":0,"9":0,"10":0,"11":0},"b":{}}
,"C:\\Users\\USer\\Desktop\\contacts-test-task\\src\\components\\schemas\\index.js": {"path":"C:\\Users\\USer\\Desktop\\contacts-test-task\\src\\components\\schemas\\index.js","statementMap":{"0":{"start":{"line":3,"column":18},"end":{"line":3,"column":41}},"1":{"start":{"line":4,"column":19},"end":{"line":4,"column":47}},"2":{"start":{"line":6,"column":35},"end":{"line":23,"column":3}},"3":{"start":{"line":21,"column":6},"end":{"line":21,"column":57}}},"fnMap":{"0":{"name":"(anonymous_0)","decl":{"start":{"line":20,"column":4},"end":{"line":20,"column":5}},"loc":{"start":{"line":20,"column":22},"end":{"line":22,"column":5}},"line":20}},"branchMap":{"0":{"loc":{"start":{"line":21,"column":13},"end":{"line":21,"column":56}},"type":"binary-expr","locations":[{"start":{"line":21,"column":13},"end":{"line":21,"column":33}},{"start":{"line":21,"column":37},"end":{"line":21,"column":56}}],"line":21}},"s":{"0":0,"1":0,"2":0,"3":0},"f":{"0":0},"b":{"0":[0,0]}}
,"C:\\Users\\USer\\Desktop\\contacts-test-task\\src\\components\\utils\\index.js": {"path":"C:\\Users\\USer\\Desktop\\contacts-test-task\\src\\components\\utils\\index.js","statementMap":{"0":{"start":{"line":1,"column":30},"end":{"line":10,"column":2}},"1":{"start":{"line":1,"column":49},"end":{"line":10,"column":1}},"2":{"start":{"line":12,"column":36},"end":{"line":14,"column":2}},"3":{"start":{"line":12,"column":56},"end":{"line":14,"column":1}},"4":{"start":{"line":13,"column":33},"end":{"line":13,"column":38}}},"fnMap":{"0":{"name":"(anonymous_0)","decl":{"start":{"line":1,"column":30},"end":{"line":1,"column":31}},"loc":{"start":{"line":1,"column":49},"end":{"line":10,"column":1}},"line":1},"1":{"name":"(anonymous_1)","decl":{"start":{"line":12,"column":36},"end":{"line":12,"column":37}},"loc":{"start":{"line":12,"column":56},"end":{"line":14,"column":1}},"line":12},"2":{"name":"(anonymous_2)","decl":{"start":{"line":13,"column":22},"end":{"line":13,"column":23}},"loc":{"start":{"line":13,"column":33},"end":{"line":13,"column":38}},"line":13}},"branchMap":{},"s":{"0":0,"1":0,"2":0,"3":0,"4":0},"f":{"0":0,"1":0,"2":0},"b":{}}
}
