TN:
SF:src\App.jsx
FN:8,(anonymous_0)
FNF:1
FNH:0
FNDA:0,(anonymous_0)
DA:8,0
DA:9,0
LF:2
LH:0
BRF:0
BRH:0
end_of_record
TN:
SF:src\GlobalStyle.js
FN:17,(anonymous_0)
FNF:1
FNH:0
FNDA:0,(anonymous_0)
DA:3,0
DA:13,0
DA:17,0
LF:3
LH:0
BRF:0
BRH:0
end_of_record
TN:
SF:src\main.jsx
FNF:0
FNH:0
DA:13,0
LF:1
LH:0
BRF:0
BRH:0
end_of_record
TN:
SF:src\setupTests.js
FNF:0
FNH:0
DA:2,0
LF:1
LH:0
BRF:0
BRH:0
end_of_record
TN:
SF:src\components\Global\MainPageList.styled.js
FNF:0
FNH:0
DA:3,0
LF:1
LH:0
BRF:0
BRH:0
end_of_record
TN:
SF:src\components\Global\Spiner\Spinner.jsx
FN:4,(anonymous_0)
FNF:1
FNH:0
FNDA:0,(anonymous_0)
DA:4,0
DA:5,0
LF:2
LH:0
BRF:0
BRH:0
end_of_record
TN:
SF:src\components\Global\Spiner\Spinner.styled.js
FNF:0
FNH:0
DA:3,0
LF:1
LH:0
BRF:0
BRH:0
end_of_record
TN:
SF:src\components\PhoneBook\ContactsForm\ContactsForm.jsx
FN:32,(anonymous_0)
FN:48,(anonymous_1)
FN:57,(anonymous_2)
FN:87,(anonymous_3)
FNF:4
FNH:0
FNDA:0,(anonymous_0)
FNDA:0,(anonymous_1)
FNDA:0,(anonymous_2)
FNDA:0,(anonymous_3)
DA:26,0
DA:32,0
DA:33,0
DA:34,0
DA:36,0
DA:43,0
DA:48,0
DA:49,0
DA:50,0
DA:51,0
DA:55,0
DA:58,0
DA:63,0
DA:64,0
DA:65,0
DA:68,0
DA:74,0
DA:86,0
DA:88,0
DA:92,0
DA:93,0
DA:94,0
DA:97,0
LF:23
LH:0
BRDA:49,0,0,0
BRDA:49,0,1,0
BRDA:55,1,0,0
BRDA:55,1,1,0
BRDA:58,2,0,0
BRDA:58,2,1,0
BRDA:63,3,0,0
BRDA:63,3,1,0
BRDA:88,4,0,0
BRDA:88,4,1,0
BRDA:105,5,0,0
BRDA:105,5,1,0
BRDA:112,6,0,0
BRDA:112,6,1,0
BRDA:119,7,0,0
BRDA:119,7,1,0
BRDA:122,8,0,0
BRDA:122,8,1,0
BRF:18
BRH:0
end_of_record
TN:
SF:src\components\PhoneBook\ContactsForm\ContactsForm.styled.js
FN:39,(anonymous_0)
FN:41,(anonymous_1)
FN:48,(anonymous_2)
FN:61,(anonymous_3)
FN:63,(anonymous_4)
FNF:5
FNH:0
FNDA:0,(anonymous_0)
FNDA:0,(anonymous_1)
FNDA:0,(anonymous_2)
FNDA:0,(anonymous_3)
FNDA:0,(anonymous_4)
DA:3,0
DA:9,0
DA:22,0
DA:29,0
DA:37,0
DA:39,0
DA:41,0
DA:48,0
DA:55,0
DA:61,0
DA:63,0
DA:66,0
LF:12
LH:0
BRF:0
BRH:0
end_of_record
TN:
SF:src\components\PhoneBook\ContactsList\ContactsList.jsx
FN:10,(anonymous_0)
FN:14,(anonymous_1)
FNF:2
FNH:0
FNDA:0,(anonymous_0)
FNDA:0,(anonymous_1)
DA:10,0
DA:11,0
DA:12,0
DA:14,0
DA:15,0
DA:18,0
LF:6
LH:0
BRDA:22,0,0,0
BRDA:22,0,1,0
BRF:2
BRH:0
end_of_record
TN:
SF:src\components\PhoneBook\ContactsList\ContactsList.syled.js
FNF:0
FNH:0
DA:3,0
DA:7,0
DA:14,0
LF:3
LH:0
BRF:0
BRH:0
end_of_record
TN:
SF:src\components\PhoneBook\ContactsListItem\ContactsListItem.jsx
FN:24,(anonymous_0)
FN:29,(anonymous_1)
FN:37,(anonymous_2)
FN:72,(anonymous_3)
FN:82,(anonymous_4)
FNF:5
FNH:0
FNDA:0,(anonymous_0)
FNDA:0,(anonymous_1)
FNDA:0,(anonymous_2)
FNDA:0,(anonymous_3)
FNDA:0,(anonymous_4)
DA:24,0
DA:25,0
DA:27,0
DA:29,0
DA:30,0
DA:31,0
DA:34,0
DA:38,0
DA:73,0
DA:82,0
LF:10
LH:0
BRDA:36,0,0,0
BRDA:36,0,1,0
BRDA:36,1,0,0
BRDA:36,1,1,0
BRDA:43,2,0,0
BRDA:43,2,1,0
BRDA:52,3,0,0
BRDA:52,3,1,0
BRDA:52,3,2,0
BRDA:58,4,0,0
BRDA:58,4,1,0
BRDA:58,4,2,0
BRDA:66,5,0,0
BRDA:66,5,1,0
BRDA:66,5,2,0
BRDA:71,6,0,0
BRDA:71,6,1,0
BRF:17
BRH:0
end_of_record
TN:
SF:src\components\PhoneBook\ContactsListItem\ContactsListItem.styled.js
FN:8,(anonymous_0)
FN:16,(anonymous_1)
FN:17,(anonymous_2)
FN:27,(anonymous_3)
FN:28,(anonymous_4)
FN:42,(anonymous_5)
FN:49,(anonymous_6)
FN:75,(anonymous_7)
FN:85,(anonymous_8)
FN:95,(anonymous_9)
FNF:10
FNH:0
FNDA:0,(anonymous_0)
FNDA:0,(anonymous_1)
FNDA:0,(anonymous_2)
FNDA:0,(anonymous_3)
FNDA:0,(anonymous_4)
FNDA:0,(anonymous_5)
FNDA:0,(anonymous_6)
FNDA:0,(anonymous_7)
FNDA:0,(anonymous_8)
FNDA:0,(anonymous_9)
DA:4,0
DA:8,0
DA:14,0
DA:16,0
DA:17,0
DA:20,0
DA:26,0
DA:27,0
DA:28,0
DA:31,0
DA:41,0
DA:42,0
DA:48,0
DA:49,0
DA:56,0
DA:62,0
DA:74,0
DA:75,0
DA:81,0
DA:85,0
DA:94,0
DA:95,0
DA:101,0
DA:108,0
DA:115,0
LF:25
LH:0
BRF:0
BRH:0
end_of_record
TN:
SF:src\components\layout\Layout.jsx
FN:5,(anonymous_0)
FNF:1
FNH:0
FNDA:0,(anonymous_0)
DA:5,0
DA:6,0
LF:2
LH:0
BRF:0
BRH:0
end_of_record
TN:
SF:src\components\layout\Layout.styled.js
FNF:0
FNH:0
DA:3,0
DA:11,0
LF:2
LH:0
BRF:0
BRH:0
end_of_record
TN:
SF:src\components\pages\ContactDetails.jsx
FN:38,(anonymous_0)
FN:42,(anonymous_1)
FN:51,(anonymous_2)
FN:59,(anonymous_3)
FN:60,(anonymous_4)
FN:108,(anonymous_5)
FNF:6
FNH:0
FNDA:0,(anonymous_0)
FNDA:0,(anonymous_1)
FNDA:0,(anonymous_2)
FNDA:0,(anonymous_3)
FNDA:0,(anonymous_4)
FNDA:0,(anonymous_5)
DA:38,0
DA:39,0
DA:40,0
DA:42,0
DA:43,0
DA:46,0
DA:47,0
DA:49,0
DA:51,0
DA:52,0
DA:53,0
DA:54,0
DA:57,0
DA:59,0
DA:60,0
DA:62,0
DA:64,0
DA:65,0
DA:66,0
DA:67,0
DA:71,0
DA:73,0
DA:76,0
DA:78,0
DA:109,0
LF:25
LH:0
BRDA:52,0,0,0
BRDA:52,0,1,0
BRDA:52,1,0,0
BRDA:52,1,1,0
BRDA:64,2,0,0
BRDA:64,2,1,0
BRDA:64,3,0,0
BRDA:64,3,1,0
BRDA:73,4,0,0
BRDA:73,4,1,0
BRDA:76,5,0,0
BRDA:76,5,1,0
BRDA:80,6,0,0
BRDA:80,6,1,0
BRDA:80,6,2,0
BRDA:92,7,0,0
BRDA:92,7,1,0
BRDA:95,8,0,0
BRDA:95,8,1,0
BRDA:107,9,0,0
BRDA:107,9,1,0
BRDA:118,10,0,0
BRDA:118,10,1,0
BRDA:126,11,0,0
BRDA:126,11,1,0
BRDA:126,11,2,0
BRF:26
BRH:0
end_of_record
TN:
SF:src\components\pages\Home.jsx
FN:5,(anonymous_0)
FNF:1
FNH:0
FNDA:0,(anonymous_0)
DA:5,0
DA:6,0
LF:2
LH:0
BRF:0
BRH:0
end_of_record
TN:
SF:src\components\redux\store.js
FNF:0
FNH:0
DA:4,0
DA:10,0
LF:2
LH:0
BRF:0
BRH:0
end_of_record
TN:
SF:src\components\redux\contacts\contacts-operations.js
FN:8,(anonymous_0)
FN:11,(anonymous_1)
FN:21,(anonymous_2)
FN:47,(anonymous_3)
FN:69,(anonymous_4)
FN:96,(anonymous_5)
FN:122,(anonymous_6)
FNF:7
FNH:0
FNDA:0,(anonymous_0)
FNDA:0,(anonymous_1)
FNDA:0,(anonymous_2)
FNDA:0,(anonymous_3)
FNDA:0,(anonymous_4)
FNDA:0,(anonymous_5)
FNDA:0,(anonymous_6)
DA:4,0
DA:7,0
DA:9,0
DA:12,0
DA:17,0
DA:19,0
DA:22,0
DA:23,0
DA:34,0
DA:35,0
DA:38,0
DA:40,0
DA:45,0
DA:48,0
DA:49,0
DA:56,0
DA:57,0
DA:60,0
DA:62,0
DA:67,0
DA:70,0
DA:71,0
DA:83,0
DA:84,0
DA:87,0
DA:89,0
DA:94,0
DA:97,0
DA:98,0
DA:109,0
DA:110,0
DA:113,0
DA:115,0
DA:120,0
DA:123,0
DA:124,0
DA:126,0
DA:138,0
DA:139,0
DA:142,0
DA:144,0
LF:41
LH:0
BRDA:34,0,0,0
BRDA:34,0,1,0
BRDA:56,1,0,0
BRDA:56,1,1,0
BRDA:83,2,0,0
BRDA:83,2,1,0
BRDA:109,3,0,0
BRDA:109,3,1,0
BRDA:138,4,0,0
BRDA:138,4,1,0
BRF:10
BRH:0
end_of_record
TN:
SF:src\components\redux\contacts\contacts-selectors.js
FN:1,(anonymous_0)
FN:3,(anonymous_1)
FN:5,(anonymous_2)
FN:7,(anonymous_3)
FN:9,(anonymous_4)
FNF:5
FNH:0
FNDA:0,(anonymous_0)
FNDA:0,(anonymous_1)
FNDA:0,(anonymous_2)
FNDA:0,(anonymous_3)
FNDA:0,(anonymous_4)
DA:1,0
DA:3,0
DA:5,0
DA:7,0
DA:9,0
LF:5
LH:0
BRF:0
BRH:0
end_of_record
TN:
SF:src\components\redux\contacts\contacts-slice.js
FN:10,(anonymous_0)
FN:14,(anonymous_1)
FN:29,(anonymous_2)
FN:32,(anonymous_3)
FN:33,(anonymous_4)
FN:38,(anonymous_5)
FN:39,(anonymous_6)
FN:46,(anonymous_7)
FN:53,(anonymous_8)
FN:60,(anonymous_9)
FN:63,(anonymous_10)
FN:69,(anonymous_11)
FNF:12
FNH:0
FNDA:0,(anonymous_0)
FNDA:0,(anonymous_1)
FNDA:0,(anonymous_2)
FNDA:0,(anonymous_3)
FNDA:0,(anonymous_4)
FNDA:0,(anonymous_5)
FNDA:0,(anonymous_6)
FNDA:0,(anonymous_7)
FNDA:0,(anonymous_8)
FNDA:0,(anonymous_9)
FNDA:0,(anonymous_10)
FNDA:0,(anonymous_11)
DA:10,0
DA:11,0
DA:14,0
DA:15,0
DA:16,0
DA:19,0
DA:30,0
DA:33,0
DA:34,0
DA:39,0
DA:40,0
DA:41,0
DA:42,0
DA:44,0
DA:45,0
DA:46,0
DA:47,0
DA:48,0
DA:49,0
DA:51,0
DA:53,0
DA:54,0
DA:55,0
DA:56,0
DA:58,0
DA:60,0
DA:61,0
DA:62,0
DA:63,0
DA:64,0
DA:67,0
DA:68,0
DA:69,0
DA:70,0
DA:71,0
DA:72,0
DA:74,0
DA:75,0
DA:79,0
DA:81,0
LF:40
LH:0
BRF:0
BRH:0
end_of_record
TN:
SF:src\components\schemas\index.js
FN:20,(anonymous_0)
FNF:1
FNH:0
FNDA:0,(anonymous_0)
DA:3,0
DA:4,0
DA:6,0
DA:21,0
LF:4
LH:0
BRDA:21,0,0,0
BRDA:21,0,1,0
BRF:2
BRH:0
end_of_record
TN:
SF:src\components\utils\index.js
FN:1,(anonymous_0)
FN:12,(anonymous_1)
FN:13,(anonymous_2)
FNF:3
FNH:0
FNDA:0,(anonymous_0)
FNDA:0,(anonymous_1)
FNDA:0,(anonymous_2)
DA:1,0
DA:12,0
DA:13,0
LF:3
LH:0
BRF:0
BRH:0
end_of_record
